<?xml version="1.0" encoding="UTF-8"?>
<!-- Generated by org.testng.reporters.JUnitReportReporter -->
<testsuite skipped="0" hostname="rtsubhro-PC" name="testrunners.TestRunner" tests="2" failures="0" timestamp="2022-04-04T20:49:52 EDT" time="0.481" errors="0">
  <testcase name="runScenario" time="0.467" classname="testrunners.TestRunner"/>
  <system-out/>
  <testcase name="runScenario" time="0.014" classname="testrunners.TestRunner"/>
  <system-out/>
</testsuite> <!-- testrunners.TestRunner -->
