<?xml version="1.0" encoding="UTF-8"?>
<!-- Generated by org.testng.reporters.JUnitReportReporter -->
<testsuite skipped="0" hostname="rtsubhro-PC" name="testrunners.TestNGTestRunner" tests="2" failures="0" timestamp="2022-04-15T14:50:22 EDT" time="124.581" errors="0">
  <testcase name="runScenario" time="62.287" classname="testrunners.TestNGTestRunner"/>
  <system-out/>
  <testcase name="runScenario" time="62.294" classname="testrunners.TestNGTestRunner"/>
  <system-out/>
</testsuite> <!-- testrunners.TestNGTestRunner -->
